--------------------------------------------------------------------------------
Release 10.1 Trace  (nt)
Copyright (c) 1995-2008 Xilinx, Inc.  All rights reserved.

C:\Xilinx\10.1\ISE\bin\nt\unwrapped\trce.exe -ise
E:/Pieter-Jan Steeman/Project/Xilinx/Receiver/Receiver.ise -intstyle ise -e 3
-s 7 -xml receiverTop_rx receiverTop_rx.ncd -o receiverTop_rx.twr
receiverTop_rx.pcf -ucf receiver.ucf

Design file:              receiverTop_rx.ncd
Physical constraint file: receiverTop_rx.pcf
Device,package,speed:     xc2vp30,ff896,-7 (PRODUCTION 1.94 2008-01-09)
Report level:             error report

Environment Variable      Effect 
--------------------      ------ 
NONE                      No environment variables were set
--------------------------------------------------------------------------------

INFO:Timing:2752 - To get complete path coverage, use the unconstrained paths 
   option. All paths that are not constrained will be reported in the 
   unconstrained paths section(s) of the report.
INFO:Timing:3339 - The clock-to-out numbers in this timing report are based on 
   a 50 Ohm transmission line loading model.  For the details of this model, 
   and for more information on accounting for different loading conditions, 
   please see the device datasheet.

================================================================================
Timing constraint: NET "clk_BUFGP/IBUFG" PERIOD = 10 ns HIGH 50%;

 741 paths analyzed, 178 endpoints analyzed, 0 failing endpoints
 0 timing errors detected. (0 setup errors, 0 hold errors)
 Minimum period is   3.766ns.
--------------------------------------------------------------------------------


All constraints were met.


Data Sheet report:
-----------------
All values displayed in nanoseconds (ns)

Clock to Setup on destination clock clk
---------------+---------+---------+---------+---------+
               | Src:Rise| Src:Fall| Src:Rise| Src:Fall|
Source Clock   |Dest:Rise|Dest:Rise|Dest:Fall|Dest:Fall|
---------------+---------+---------+---------+---------+
clk            |    3.766|         |         |         |
---------------+---------+---------+---------+---------+


Timing summary:
---------------

Timing errors: 0  Score: 0

Constraints cover 741 paths, 0 nets, and 592 connections

Design statistics:
   Minimum period:   3.766ns   (Maximum frequency: 265.534MHz)


Analysis completed Fri Dec 14 12:30:13 2018 
--------------------------------------------------------------------------------

Trace Settings:
-------------------------
Trace Settings 

Peak Memory Usage: 177 MB



